INFO  Validating config
INFO  Start processing
INFO  
  ______     ______     __     __    __     __  __    
 /\  == \   /\  ___\   /\ \   /\ "-./  \   /\ \/\ \   
 \ \  __<   \ \  __\   \ \ \  \ \ \-./\ \  \ \ \_\ \  
  \ \_\ \_\  \ \_____\  \ \_\  \ \_\ \ \_\  \ \_____\ 
   \/_/ /_/   \/_____/   \/_/   \/_/  \/_/   \/_____/ 
                                                      
 
INFO  Hexo is running at http://localhost:4000/ . Press Ctrl+C to stop.
INFO  Validating config
INFO  Start processing
INFO  
  ______     ______     __     __    __     __  __    
 /\  == \   /\  ___\   /\ \   /\ "-./  \   /\ \/\ \   
 \ \  __<   \ \  __\   \ \ \  \ \ \-./\ \  \ \ \_\ \  
  \ \_\ \_\  \ \_____\  \ \_\  \ \_\ \ \_\  \ \_____\ 
   \/_/ /_/   \/_____/   \/_/   \/_/  \/_/   \/_____/ 
                                                      
 
INFO  Hexo is running at http://localhost:4000/ . Press Ctrl+C to stop.
INFO  
  ______     ______     __     __    __     __  __    
 /\  == \   /\  ___\   /\ \   /\ "-./  \   /\ \/\ \   
 \ \  __<   \ \  __\   \ \ \  \ \ \-./\ \  \ \ \_\ \  
  \ \_\ \_\  \ \_____\  \ \_\  \ \_\ \ \_\  \ \_____\ 
   \/_/ /_/   \/_____/   \/_/   \/_/  \/_/   \/_____/ 
                                                      
 
INFO  
  ______     ______     __     __    __     __  __    
 /\  == \   /\  ___\   /\ \   /\ "-./  \   /\ \/\ \   
 \ \  __<   \ \  __\   \ \ \  \ \ \-./\ \  \ \ \_\ \  
  \ \_\ \_\  \ \_____\  \ \_\  \ \_\ \ \_\  \ \_____\ 
   \/_/ /_/   \/_____/   \/_/   \/_/  \/_/   \/_____/ 
                                                      
 
INFO  Validating config
INFO  Start processing
INFO  
  ______     ______     __     __    __     __  __    
 /\  == \   /\  ___\   /\ \   /\ "-./  \   /\ \/\ \   
 \ \  __<   \ \  __\   \ \ \  \ \ \-./\ \  \ \ \_\ \  
  \ \_\ \_\  \ \_____\  \ \_\  \ \_\ \ \_\  \ \_____\ 
   \/_/ /_/   \/_____/   \/_/   \/_/  \/_/   \/_____/ 
                                                      
 
INFO  Hexo is running at http://localhost:4000/ . Press Ctrl+C to stop.
INFO  
  ______     ______     __     __    __     __  __    
 /\  == \   /\  ___\   /\ \   /\ "-./  \   /\ \/\ \   
 \ \  __<   \ \  __\   \ \ \  \ \ \-./\ \  \ \ \_\ \  
  \ \_\ \_\  \ \_____\  \ \_\  \ \_\ \ \_\  \ \_____\ 
   \/_/ /_/   \/_____/   \/_/   \/_/  \/_/   \/_____/ 
                                                      
 
INFO  
  ______     ______     __     __    __     __  __    
 /\  == \   /\  ___\   /\ \   /\ "-./  \   /\ \/\ \   
 \ \  __<   \ \  __\   \ \ \  \ \ \-./\ \  \ \ \_\ \  
  \ \_\ \_\  \ \_____\  \ \_\  \ \_\ \ \_\  \ \_____\ 
   \/_/ /_/   \/_____/   \/_/   \/_/  \/_/   \/_____/ 
                                                      
 
INFO  Validating config
INFO  Start processing
INFO  
  ______     ______     __     __    __     __  __    
 /\  == \   /\  ___\   /\ \   /\ "-./  \   /\ \/\ \   
 \ \  __<   \ \  __\   \ \ \  \ \ \-./\ \  \ \ \_\ \  
  \ \_\ \_\  \ \_____\  \ \_\  \ \_\ \ \_\  \ \_____\ 
   \/_/ /_/   \/_____/   \/_/   \/_/  \/_/   \/_____/ 
                                                      
 
INFO  Hexo is running at http://localhost:4000/ . Press Ctrl+C to stop.
INFO  
  ______     ______     __     __    __     __  __    
 /\  == \   /\  ___\   /\ \   /\ "-./  \   /\ \/\ \   
 \ \  __<   \ \  __\   \ \ \  \ \ \-./\ \  \ \ \_\ \  
  \ \_\ \_\  \ \_____\  \ \_\  \ \_\ \ \_\  \ \_____\ 
   \/_/ /_/   \/_____/   \/_/   \/_/  \/_/   \/_____/ 
                                                      
 
INFO  
  ______     ______     __     __    __     __  __    
 /\  == \   /\  ___\   /\ \   /\ "-./  \   /\ \/\ \   
 \ \  __<   \ \  __\   \ \ \  \ \ \-./\ \  \ \ \_\ \  
  \ \_\ \_\  \ \_____\  \ \_\  \ \_\ \ \_\  \ \_____\ 
   \/_/ /_/   \/_____/   \/_/   \/_/  \/_/   \/_____/ 
                                                      
 
ERROR Render HTML failed: index.html
TypeError: /home/vision123/myblog/themes/reimu/layout/layout.ejs:25
    23|         </div>
    24|         <%- partial('_partial/mobile-nav', null, {cache: !config.relative_link}) %>
 >> 25|         <%- partial('_partial/after-footer') %>
    26|     </div>
    27|     <div class="site-search">
    28|         <div class="algolia-popup popup">

/home/vision123/myblog/themes/reimu/layout/_partial/after-footer.ejs:123
    121|             root: '/',
    122|             algolia: {
 >> 123|                 applicationID: "<%= config.algolia.applicationID %>",
    124|                 apiKey: "<%= config.algolia.apiKey %>",
    125|                 indexName: "<%= config.algolia.indexName %>",
    126|                 hits: {

Cannot read properties of undefined (reading 'applicationID')
    at eval ("/home/vision123/myblog/themes/reimu/layout/_partial/after-footer.ejs":214:41)
    at after-footer (/home/vision123/myblog/node_modules/ejs/lib/ejs.js:703:17)
    at _View._compiledSync (/home/vision123/myblog/node_modules/hexo/lib/theme/view.js:132:24)
    at _View.renderSync (/home/vision123/myblog/node_modules/hexo/lib/theme/view.js:59:25)
    at Object.partial (/home/vision123/myblog/node_modules/hexo/lib/plugins/helper/partial.js:34:15)
    at eval ("/home/vision123/myblog/themes/reimu/layout/layout.ejs":60:17)
    at layout (/home/vision123/myblog/node_modules/ejs/lib/ejs.js:703:17)
    at _View._compiled (/home/vision123/myblog/node_modules/hexo/lib/theme/view.js:136:50)
    at _View.render (/home/vision123/myblog/node_modules/hexo/lib/theme/view.js:39:17)
    at /home/vision123/myblog/node_modules/hexo/lib/theme/view.js:51:25
    at tryCatcher (/home/vision123/myblog/node_modules/bluebird/js/release/util.js:16:23)
    at Promise._settlePromiseFromHandler (/home/vision123/myblog/node_modules/bluebird/js/release/promise.js:547:31)
    at Promise._settlePromise (/home/vision123/myblog/node_modules/bluebird/js/release/promise.js:604:18)
    at Promise._settlePromise0 (/home/vision123/myblog/node_modules/bluebird/js/release/promise.js:649:10)
    at Promise._settlePromises (/home/vision123/myblog/node_modules/bluebird/js/release/promise.js:729:18)
    at _drainQueueStep (/home/vision123/myblog/node_modules/bluebird/js/release/async.js:93:12)
    at _drainQueue (/home/vision123/myblog/node_modules/bluebird/js/release/async.js:86:9)
    at Async._drainQueues (/home/vision123/myblog/node_modules/bluebird/js/release/async.js:102:5)
    at Immediate.Async.drainQueues [as _onImmediate] (/home/vision123/myblog/node_modules/bluebird/js/release/async.js:15:14)
    at processImmediate (node:internal/timers:464:21)
Unhandled rejection TypeError: /home/vision123/myblog/themes/reimu/layout/layout.ejs:25
    23|         </div>
    24|         <%- partial('_partial/mobile-nav', null, {cache: !config.relative_link}) %>
 >> 25|         <%- partial('_partial/after-footer') %>
    26|     </div>
    27|     <div class="site-search">
    28|         <div class="algolia-popup popup">

/home/vision123/myblog/themes/reimu/layout/_partial/after-footer.ejs:123
    121|             root: '/',
    122|             algolia: {
 >> 123|                 applicationID: "<%= config.algolia.applicationID %>",
    124|                 apiKey: "<%= config.algolia.apiKey %>",
    125|                 indexName: "<%= config.algolia.indexName %>",
    126|                 hits: {

Cannot read properties of undefined (reading 'applicationID')
    at eval ("/home/vision123/myblog/themes/reimu/layout/_partial/after-footer.ejs":214:41)
    at after-footer (/home/vision123/myblog/node_modules/ejs/lib/ejs.js:703:17)
    at _View._compiledSync (/home/vision123/myblog/node_modules/hexo/lib/theme/view.js:132:24)
    at _View.renderSync (/home/vision123/myblog/node_modules/hexo/lib/theme/view.js:59:25)
    at Object.partial (/home/vision123/myblog/node_modules/hexo/lib/plugins/helper/partial.js:34:15)
    at eval ("/home/vision123/myblog/themes/reimu/layout/layout.ejs":60:17)
    at layout (/home/vision123/myblog/node_modules/ejs/lib/ejs.js:703:17)
    at _View._compiled (/home/vision123/myblog/node_modules/hexo/lib/theme/view.js:136:50)
    at _View.render (/home/vision123/myblog/node_modules/hexo/lib/theme/view.js:39:17)
    at /home/vision123/myblog/node_modules/hexo/lib/theme/view.js:51:25
    at tryCatcher (/home/vision123/myblog/node_modules/bluebird/js/release/util.js:16:23)
    at Promise._settlePromiseFromHandler (/home/vision123/myblog/node_modules/bluebird/js/release/promise.js:547:31)
    at Promise._settlePromise (/home/vision123/myblog/node_modules/bluebird/js/release/promise.js:604:18)
    at Promise._settlePromise0 (/home/vision123/myblog/node_modules/bluebird/js/release/promise.js:649:10)
    at Promise._settlePromises (/home/vision123/myblog/node_modules/bluebird/js/release/promise.js:729:18)
    at _drainQueueStep (/home/vision123/myblog/node_modules/bluebird/js/release/async.js:93:12)
    at _drainQueue (/home/vision123/myblog/node_modules/bluebird/js/release/async.js:86:9)
    at Async._drainQueues (/home/vision123/myblog/node_modules/bluebird/js/release/async.js:102:5)
    at Immediate.Async.drainQueues [as _onImmediate] (/home/vision123/myblog/node_modules/bluebird/js/release/async.js:15:14)
    at processImmediate (node:internal/timers:464:21)
INFO  Validating config
INFO  Start processing
INFO  
  ______     ______     __     __    __     __  __    
 /\  == \   /\  ___\   /\ \   /\ "-./  \   /\ \/\ \   
 \ \  __<   \ \  __\   \ \ \  \ \ \-./\ \  \ \ \_\ \  
  \ \_\ \_\  \ \_____\  \ \_\  \ \_\ \ \_\  \ \_____\ 
   \/_/ /_/   \/_____/   \/_/   \/_/  \/_/   \/_____/ 
                                                      
 
INFO  Hexo is running at http://localhost:4000/ . Press Ctrl+C to stop.
INFO  Validating config
INFO  Start processing
INFO  
  ______     ______     __     __    __     __  __    
 /\  == \   /\  ___\   /\ \   /\ "-./  \   /\ \/\ \   
 \ \  __<   \ \  __\   \ \ \  \ \ \-./\ \  \ \ \_\ \  
  \ \_\ \_\  \ \_____\  \ \_\  \ \_\ \ \_\  \ \_____\ 
   \/_/ /_/   \/_____/   \/_/   \/_/  \/_/   \/_____/ 
                                                      
 
INFO  Hexo is running at http://localhost:4000/ . Press Ctrl+C to stop.
INFO  Validating config
INFO  Start processing
INFO  
  ______     ______     __     __    __     __  __    
 /\  == \   /\  ___\   /\ \   /\ "-./  \   /\ \/\ \   
 \ \  __<   \ \  __\   \ \ \  \ \ \-./\ \  \ \ \_\ \  
  \ \_\ \_\  \ \_____\  \ \_\  \ \_\ \ \_\  \ \_____\ 
   \/_/ /_/   \/_____/   \/_/   \/_/  \/_/   \/_____/ 
                                                      
 
INFO  Hexo is running at http://localhost:4000/ . Press Ctrl+C to stop.
